Performing C++ SOURCE FILE Test CMAKE_HAVE_LIBC_PTHREAD failed with the following output:
Change Dir: /home/patrick/Documents/GitHub/Hoofdpijn-Agenda/Hoofdpijn Agenda/build-HoofdpijnAgenda-Desktop_Qt_6_0_4_GCC_64bit-Debug/CMakeFiles/CMakeTmp

Run Build Command(s):/home/patrick/Qt/Tools/Ninja/ninja cmTC_2852d && [1/2] Building CXX object CMakeFiles/cmTC_2852d.dir/src.cxx.o
[2/2] Linking CXX executable cmTC_2852d
FAILED: cmTC_2852d 
: && /usr/bin/g++   CMakeFiles/cmTC_2852d.dir/src.cxx.o -o cmTC_2852d   && :
/usr/bin/ld: CMakeFiles/cmTC_2852d.dir/src.cxx.o: in function `main':
src.cxx:(.text+0x2f): undefined reference to `pthread_create'
/usr/bin/ld: src.cxx:(.text+0x3b): undefined reference to `pthread_detach'
/usr/bin/ld: src.cxx:(.text+0x47): undefined reference to `pthread_cancel'
/usr/bin/ld: src.cxx:(.text+0x58): undefined reference to `pthread_join'
collect2: error: ld returned 1 exit status
ninja: build stopped: subcommand failed.


Source file was:
#include <pthread.h>

static void* test_func(void* data)
{
  return data;
}

int main(void)
{
  pthread_t thread;
  pthread_create(&thread, NULL, test_func, NULL);
  pthread_detach(thread);
  pthread_cancel(thread);
  pthread_join(thread, NULL);
  pthread_atfork(NULL, NULL, NULL);
  pthread_exit(NULL);

  return 0;
}

